

Started GET "/assets/rails.png" for 127.0.0.1 at 2013-04-25 16:57:32 +0300
Connecting to database specified by database.yml
Served asset /rails.png - 200 OK (83ms)


Started GET "/rails/info/properties" for 127.0.0.1 at 2013-04-25 16:57:35 +0300
Processing by Rails::InfoController#properties as HTML
  Rendered inline template (8.4ms)
Completed 200 OK in 105ms (Views: 103.8ms | ActiveRecord: 0.0ms)


Started GET "/rails/info/properties" for 127.0.0.1 at 2013-04-25 16:57:36 +0300
Processing by Rails::InfoController#properties as HTML
  Rendered inline template (0.9ms)
Completed 200 OK in 3ms (Views: 2.4ms | ActiveRecord: 0.0ms)


Started GET "/rails/info/properties" for 127.0.0.1 at 2013-04-25 16:59:41 +0300
Connecting to database specified by database.yml
Processing by Rails::InfoController#properties as HTML
  Rendered inline template (3.5ms)
Completed 200 OK in 46ms (Views: 45.0ms | ActiveRecord: 0.0ms)


Started GET "/users" for 127.0.0.1 at 2013-04-25 18:38:00 +0300

ActionController::RoutingError (No route matches [GET] "/users"):
  actionpack (3.2.12) lib/action_dispatch/middleware/debug_exceptions.rb:21:in `call'
  actionpack (3.2.12) lib/action_dispatch/middleware/show_exceptions.rb:56:in `call'
  railties (3.2.12) lib/rails/rack/logger.rb:32:in `call_app'
  railties (3.2.12) lib/rails/rack/logger.rb:16:in `block in call'
  activesupport (3.2.12) lib/active_support/tagged_logging.rb:22:in `tagged'
  railties (3.2.12) lib/rails/rack/logger.rb:16:in `call'
  actionpack (3.2.12) lib/action_dispatch/middleware/request_id.rb:22:in `call'
  rack (1.4.5) lib/rack/methodoverride.rb:21:in `call'
  rack (1.4.5) lib/rack/runtime.rb:17:in `call'
  activesupport (3.2.12) lib/active_support/cache/strategy/local_cache.rb:72:in `call'
  rack (1.4.5) lib/rack/lock.rb:15:in `call'
  actionpack (3.2.12) lib/action_dispatch/middleware/static.rb:62:in `call'
  railties (3.2.12) lib/rails/engine.rb:479:in `call'
  railties (3.2.12) lib/rails/application.rb:223:in `call'
  rack (1.4.5) lib/rack/content_length.rb:14:in `call'
  rack (1.4.5) lib/rack/handler/webrick.rb:59:in `service'
  /home/sigdel/.rvm/rubies/ruby-1.9.3-p392/lib/ruby/1.9.1/webrick/httpserver.rb:138:in `service'
  /home/sigdel/.rvm/rubies/ruby-1.9.3-p392/lib/ruby/1.9.1/webrick/httpserver.rb:94:in `run'
  /home/sigdel/.rvm/rubies/ruby-1.9.3-p392/lib/ruby/1.9.1/webrick/server.rb:191:in `block in start_thread'


  Rendered /home/sigdel/.rvm/gems/ruby-1.9.3-p392/gems/actionpack-3.2.12/lib/action_dispatch/middleware/templates/rescues/routing_error.erb within rescues/layout (2.0ms)


Started GET "/home" for 127.0.0.1 at 2013-04-25 18:38:11 +0300

ActionController::RoutingError (No route matches [GET] "/home"):
  actionpack (3.2.12) lib/action_dispatch/middleware/debug_exceptions.rb:21:in `call'
  actionpack (3.2.12) lib/action_dispatch/middleware/show_exceptions.rb:56:in `call'
  railties (3.2.12) lib/rails/rack/logger.rb:32:in `call_app'
  railties (3.2.12) lib/rails/rack/logger.rb:16:in `block in call'
  activesupport (3.2.12) lib/active_support/tagged_logging.rb:22:in `tagged'
  railties (3.2.12) lib/rails/rack/logger.rb:16:in `call'
  actionpack (3.2.12) lib/action_dispatch/middleware/request_id.rb:22:in `call'
  rack (1.4.5) lib/rack/methodoverride.rb:21:in `call'
  rack (1.4.5) lib/rack/runtime.rb:17:in `call'
  activesupport (3.2.12) lib/active_support/cache/strategy/local_cache.rb:72:in `call'
  rack (1.4.5) lib/rack/lock.rb:15:in `call'
  actionpack (3.2.12) lib/action_dispatch/middleware/static.rb:62:in `call'
  railties (3.2.12) lib/rails/engine.rb:479:in `call'
  railties (3.2.12) lib/rails/application.rb:223:in `call'
  rack (1.4.5) lib/rack/content_length.rb:14:in `call'
  rack (1.4.5) lib/rack/handler/webrick.rb:59:in `service'
  /home/sigdel/.rvm/rubies/ruby-1.9.3-p392/lib/ruby/1.9.1/webrick/httpserver.rb:138:in `service'
  /home/sigdel/.rvm/rubies/ruby-1.9.3-p392/lib/ruby/1.9.1/webrick/httpserver.rb:94:in `run'
  /home/sigdel/.rvm/rubies/ruby-1.9.3-p392/lib/ruby/1.9.1/webrick/server.rb:191:in `block in start_thread'


  Rendered /home/sigdel/.rvm/gems/ruby-1.9.3-p392/gems/actionpack-3.2.12/lib/action_dispatch/middleware/templates/rescues/routing_error.erb within rescues/layout (1.7ms)


Started GET "/session" for 127.0.0.1 at 2013-04-25 18:38:24 +0300

ActionController::RoutingError (No route matches [GET] "/session"):
  actionpack (3.2.12) lib/action_dispatch/middleware/debug_exceptions.rb:21:in `call'
  actionpack (3.2.12) lib/action_dispatch/middleware/show_exceptions.rb:56:in `call'
  railties (3.2.12) lib/rails/rack/logger.rb:32:in `call_app'
  railties (3.2.12) lib/rails/rack/logger.rb:16:in `block in call'
  activesupport (3.2.12) lib/active_support/tagged_logging.rb:22:in `tagged'
  railties (3.2.12) lib/rails/rack/logger.rb:16:in `call'
  actionpack (3.2.12) lib/action_dispatch/middleware/request_id.rb:22:in `call'
  rack (1.4.5) lib/rack/methodoverride.rb:21:in `call'
  rack (1.4.5) lib/rack/runtime.rb:17:in `call'
  activesupport (3.2.12) lib/active_support/cache/strategy/local_cache.rb:72:in `call'
  rack (1.4.5) lib/rack/lock.rb:15:in `call'
  actionpack (3.2.12) lib/action_dispatch/middleware/static.rb:62:in `call'
  railties (3.2.12) lib/rails/engine.rb:479:in `call'
  railties (3.2.12) lib/rails/application.rb:223:in `call'
  rack (1.4.5) lib/rack/content_length.rb:14:in `call'
  rack (1.4.5) lib/rack/handler/webrick.rb:59:in `service'
  /home/sigdel/.rvm/rubies/ruby-1.9.3-p392/lib/ruby/1.9.1/webrick/httpserver.rb:138:in `service'
  /home/sigdel/.rvm/rubies/ruby-1.9.3-p392/lib/ruby/1.9.1/webrick/httpserver.rb:94:in `run'
  /home/sigdel/.rvm/rubies/ruby-1.9.3-p392/lib/ruby/1.9.1/webrick/server.rb:191:in `block in start_thread'


  Rendered /home/sigdel/.rvm/gems/ruby-1.9.3-p392/gems/actionpack-3.2.12/lib/action_dispatch/middleware/templates/rescues/routing_error.erb within rescues/layout (1.7ms)
Connecting to database specified by database.yml
  [1m[36m (0.1ms)[0m  [1mselect sqlite_version(*)[0m
  [1m[35m (181.6ms)[0m  CREATE TABLE "schema_migrations" ("version" varchar(255) NOT NULL) 
  [1m[36m (152.9ms)[0m  [1mCREATE UNIQUE INDEX "unique_schema_migrations" ON "schema_migrations" ("version")[0m
  [1m[35m (19.2ms)[0m  SELECT "schema_migrations"."version" FROM "schema_migrations" 
Connecting to database specified by database.yml
  [1m[36m (1.7ms)[0m  [1mSELECT "schema_migrations"."version" FROM "schema_migrations" [0m
Migrating to CreateUsers (20130328191016)
  [1m[35m (0.1ms)[0m  select sqlite_version(*)
  [1m[36m (0.1ms)[0m  [1mbegin transaction[0m
  [1m[35m (0.7ms)[0m  CREATE TABLE "users" ("id" INTEGER PRIMARY KEY AUTOINCREMENT NOT NULL, "email" varchar(255), "password_digest" varchar(255), "rememeber_cookie" varchar(255), "created_at" datetime NOT NULL, "updated_at" datetime NOT NULL) 
  [1m[36m (0.2ms)[0m  [1mINSERT INTO "schema_migrations" ("version") VALUES ('20130328191016')[0m
  [1m[35m (180.6ms)[0m  commit transaction
Migrating to CreateUserProfiles (20130328191045)
  [1m[36m (0.2ms)[0m  [1mbegin transaction[0m
  [1m[35m (1.2ms)[0m  CREATE TABLE "user_profiles" ("id" INTEGER PRIMARY KEY AUTOINCREMENT NOT NULL, "firstname" varchar(255), "lastname" varchar(255), "birth_date" date, "gender" varchar(255), "full_address" varchar(255), "street" varchar(255), "city" varchar(255), "country" varchar(255), "zip" integer, "self_info" text, "hobbies" text, "avatar_file_name" varchar(255), "avatar_content_type" varchar(255), "avatar_file_size" integer, "avatar_updated_at" datetime, "created_at" datetime NOT NULL, "updated_at" datetime NOT NULL) 
  [1m[36m (0.5ms)[0m  [1mINSERT INTO "schema_migrations" ("version") VALUES ('20130328191045')[0m
  [1m[35m (163.1ms)[0m  commit transaction
Migrating to CreateCompanyProfiles (20130328191102)
  [1m[36m (0.2ms)[0m  [1mbegin transaction[0m
  [1m[35m (1.2ms)[0m  CREATE TABLE "company_profiles" ("id" INTEGER PRIMARY KEY AUTOINCREMENT NOT NULL, "name" varchar(255), "company_type" varchar(255), "description" text, "street" varchar(255), "city" varchar(255), "country" varchar(255), "zip" integer, "website" varchar(255), "contact" text, "logo_file_name" varchar(255), "logo_content_type" varchar(255), "logo_file_size" integer, "logo_updated_at" datetime, "created_at" datetime NOT NULL, "updated_at" datetime NOT NULL) 
  [1m[36m (0.5ms)[0m  [1mINSERT INTO "schema_migrations" ("version") VALUES ('20130328191102')[0m
  [1m[35m (238.9ms)[0m  commit transaction
Migrating to CreateQualifications (20130328191120)
  [1m[36m (0.2ms)[0m  [1mbegin transaction[0m
  [1m[35m (1.2ms)[0m  CREATE TABLE "qualifications" ("id" INTEGER PRIMARY KEY AUTOINCREMENT NOT NULL, "institute_name" varchar(255), "degree_type" varchar(255), "start" date, "end" date, "address" varchar(255), "website" varchar(255), "created_at" datetime NOT NULL, "updated_at" datetime NOT NULL) 
  [1m[36m (0.6ms)[0m  [1mINSERT INTO "schema_migrations" ("version") VALUES ('20130328191120')[0m
  [1m[35m (188.6ms)[0m  commit transaction
Migrating to CreateApplications (20130328191138)
  [1m[36m (0.2ms)[0m  [1mbegin transaction[0m
  [1m[35m (1.2ms)[0m  CREATE TABLE "applications" ("id" INTEGER PRIMARY KEY AUTOINCREMENT NOT NULL, "user_id" integer, "vacancy_id" integer, "created_at" datetime NOT NULL, "updated_at" datetime NOT NULL) 
  [1m[36m (0.5ms)[0m  [1mINSERT INTO "schema_migrations" ("version") VALUES ('20130328191138')[0m
  [1m[35m (215.3ms)[0m  commit transaction
Migrating to CreateCategories (20130328191155)
  [1m[36m (0.2ms)[0m  [1mbegin transaction[0m
  [1m[35m (1.0ms)[0m  CREATE TABLE "categories" ("id" INTEGER PRIMARY KEY AUTOINCREMENT NOT NULL, "name" varchar(255), "created_at" datetime NOT NULL, "updated_at" datetime NOT NULL) 
  [1m[36m (0.5ms)[0m  [1mINSERT INTO "schema_migrations" ("version") VALUES ('20130328191155')[0m
  [1m[35m (231.6ms)[0m  commit transaction
Migrating to CreateVacancies (20130328191234)
  [1m[36m (0.2ms)[0m  [1mbegin transaction[0m
  [1m[35m (1.1ms)[0m  CREATE TABLE "vacancies" ("id" INTEGER PRIMARY KEY AUTOINCREMENT NOT NULL, "title" varchar(255), "description" text, "deadline" datetime, "job_type" varchar(255), "job_address" varchar(255), "street" varchar(255), "city" varchar(255), "country" varchar(255), "zip" integer, "latitude" float, "longitude" float, "created_at" datetime NOT NULL, "updated_at" datetime NOT NULL) 
  [1m[36m (0.5ms)[0m  [1mINSERT INTO "schema_migrations" ("version") VALUES ('20130328191234')[0m
  [1m[35m (222.1ms)[0m  commit transaction
Migrating to CreateExperiences (20130328191251)
  [1m[36m (0.2ms)[0m  [1mbegin transaction[0m
  [1m[35m (1.2ms)[0m  CREATE TABLE "experiences" ("id" INTEGER PRIMARY KEY AUTOINCREMENT NOT NULL, "employer" varchar(255), "full_address" varchar(255), "business_field" varchar(255), "position" varchar(255), "responsibilities" text, "start_date" date, "end_date" date, "created_at" datetime NOT NULL, "updated_at" datetime NOT NULL) 
  [1m[36m (0.5ms)[0m  [1mINSERT INTO "schema_migrations" ("version") VALUES ('20130328191251')[0m
  [1m[35m (288.4ms)[0m  commit transaction
Migrating to CreateReferences (20130328191328)
  [1m[36m (0.2ms)[0m  [1mbegin transaction[0m
  [1m[35m (1.1ms)[0m  CREATE TABLE "references" ("id" INTEGER PRIMARY KEY AUTOINCREMENT NOT NULL, "referee_name" varchar(255), "phone" varchar(255), "email" varchar(255), "referee_info" text, "created_at" datetime NOT NULL, "updated_at" datetime NOT NULL) 
  [1m[36m (0.5ms)[0m  [1mINSERT INTO "schema_migrations" ("version") VALUES ('20130328191328')[0m
  [1m[35m (182.1ms)[0m  commit transaction
Migrating to CreateLanguageSkills (20130328234601)
  [1m[36m (0.2ms)[0m  [1mbegin transaction[0m
  [1m[35m (1.1ms)[0m  CREATE TABLE "language_skills" ("id" INTEGER PRIMARY KEY AUTOINCREMENT NOT NULL, "name" varchar(255), "level" integer, "type" varchar(255), "created_at" datetime NOT NULL, "updated_at" datetime NOT NULL) 
  [1m[36m (0.5ms)[0m  [1mINSERT INTO "schema_migrations" ("version") VALUES ('20130328234601')[0m
  [1m[35m (206.6ms)[0m  commit transaction
Migrating to AddUserProfileIdInLanguageSkills (20130328235257)
  [1m[36m (0.1ms)[0m  [1mbegin transaction[0m
  [1m[35m (1.4ms)[0m  ALTER TABLE "language_skills" ADD "user_profile_id" integer
  [1m[36m (0.7ms)[0m  [1mCREATE INDEX "index_language_skills_on_user_profile_id" ON "language_skills" ("user_profile_id")[0m
  [1m[35m (0.4ms)[0m  INSERT INTO "schema_migrations" ("version") VALUES ('20130328235257')
  [1m[36m (239.7ms)[0m  [1mcommit transaction[0m
Migrating to AddUserProfileIdToQualifications (20130328235914)
  [1m[35m (0.2ms)[0m  begin transaction
  [1m[36m (1.2ms)[0m  [1mALTER TABLE "qualifications" ADD "user_profile_id" integer[0m
  [1m[35m (0.6ms)[0m  CREATE INDEX "index_qualifications_on_user_profile_id" ON "qualifications" ("user_profile_id")
  [1m[36m (0.6ms)[0m  [1mINSERT INTO "schema_migrations" ("version") VALUES ('20130328235914')[0m
  [1m[35m (173.8ms)[0m  commit transaction
Migrating to AddUserProfileIdToReferences (20130329001037)
  [1m[36m (0.2ms)[0m  [1mbegin transaction[0m
  [1m[35m (1.1ms)[0m  ALTER TABLE "references" ADD "user_profile_id" integer
  [1m[36m (0.9ms)[0m  [1mCREATE INDEX "index_references_on_user_profile_id" ON "references" ("user_profile_id")[0m
  [1m[35m (0.4ms)[0m  INSERT INTO "schema_migrations" ("version") VALUES ('20130329001037')
  [1m[36m (198.4ms)[0m  [1mcommit transaction[0m
Migrating to CreateTags (20130329031611)
  [1m[35m (0.1ms)[0m  begin transaction
  [1m[36m (1.0ms)[0m  [1mCREATE TABLE "tags" ("id" INTEGER PRIMARY KEY AUTOINCREMENT NOT NULL, "name" varchar(255), "created_at" datetime NOT NULL, "updated_at" datetime NOT NULL) [0m
  [1m[35m (0.9ms)[0m  CREATE INDEX "index_tags_on_name" ON "tags" ("name")
  [1m[36m (0.4ms)[0m  [1mINSERT INTO "schema_migrations" ("version") VALUES ('20130329031611')[0m
  [1m[35m (213.0ms)[0m  commit transaction
Migrating to CreateTagMatches (20130329032311)
  [1m[36m (0.2ms)[0m  [1mbegin transaction[0m
  [1m[35m (1.1ms)[0m  CREATE TABLE "tag_matches" ("id" INTEGER PRIMARY KEY AUTOINCREMENT NOT NULL, "tag_id" integer, "vacancy_id" integer, "created_at" datetime NOT NULL, "updated_at" datetime NOT NULL) 
  [1m[36m (0.9ms)[0m  [1mCREATE INDEX "index_tag_matches_on_tag_id" ON "tag_matches" ("tag_id")[0m
  [1m[35m (0.5ms)[0m  CREATE INDEX "index_tag_matches_on_vacancy_id" ON "tag_matches" ("vacancy_id")
  [1m[36m (0.4ms)[0m  [1mINSERT INTO "schema_migrations" ("version") VALUES ('20130329032311')[0m
  [1m[35m (227.4ms)[0m  commit transaction
Migrating to AddUserProfileIdToApplication (20130329034159)
  [1m[36m (0.2ms)[0m  [1mbegin transaction[0m
  [1m[35m (1.2ms)[0m  ALTER TABLE "applications" ADD "user_profile_id" integer
  [1m[36m (0.7ms)[0m  [1mCREATE INDEX "index_applications_on_user_profile_id" ON "applications" ("user_profile_id")[0m
  [1m[35m (67.8ms)[0m  INSERT INTO "schema_migrations" ("version") VALUES ('20130329034159')
  [1m[36m (120.6ms)[0m  [1mcommit transaction[0m
Migrating to AddColumnToUser (20130405095331)
  [1m[35m (0.2ms)[0m  begin transaction
  [1m[36m (1.2ms)[0m  [1mALTER TABLE "users" ADD "type" varchar(255)[0m
  [1m[35m (0.6ms)[0m  INSERT INTO "schema_migrations" ("version") VALUES ('20130405095331')
  [1m[36m (232.2ms)[0m  [1mcommit transaction[0m
Migrating to AddColumnsToVacancy (20130405214808)
  [1m[35m (0.2ms)[0m  begin transaction
  [1m[36m (1.3ms)[0m  [1mALTER TABLE "vacancies" ADD "min_salary" integer[0m
  [1m[35m (0.8ms)[0m  ALTER TABLE "vacancies" ADD "max_salary" integer
  [1m[36m (0.5ms)[0m  [1mINSERT INTO "schema_migrations" ("version") VALUES ('20130405214808')[0m
  [1m[35m (131.1ms)[0m  commit transaction
Migrating to AddColumnToVacancies (20130406151055)
  [1m[36m (0.2ms)[0m  [1mbegin transaction[0m
  [1m[35m (1.3ms)[0m  ALTER TABLE "vacancies" ADD "job_duration" varchar(255)
  [1m[36m (0.7ms)[0m  [1mCREATE INDEX "index_vacancies_on_job_duration" ON "vacancies" ("job_duration")[0m
  [1m[35m (0.5ms)[0m  CREATE INDEX "index_vacancies_on_job_type" ON "vacancies" ("job_type")
  [1m[36m (0.5ms)[0m  [1mINSERT INTO "schema_migrations" ("version") VALUES ('20130406151055')[0m
  [1m[35m (245.8ms)[0m  commit transaction
Migrating to AddForeignKeyProfileIdToUsers (20130412105318)
  [1m[36m (0.2ms)[0m  [1mbegin transaction[0m
  [1m[35m (1.1ms)[0m  ALTER TABLE "users" ADD "profile_id" integer
  [1m[36m (0.5ms)[0m  [1mINSERT INTO "schema_migrations" ("version") VALUES ('20130412105318')[0m
  [1m[35m (175.2ms)[0m  commit transaction
Migrating to AddForiegnKeysToUsers (20130412114713)
  [1m[36m (0.2ms)[0m  [1mbegin transaction[0m
  [1m[35m (1.3ms)[0m  ALTER TABLE "users" ADD "profile_type" varchar(255)
  [1m[36m (0.5ms)[0m  [1mINSERT INTO "schema_migrations" ("version") VALUES ('20130412114713')[0m
  [1m[35m (174.3ms)[0m  commit transaction
  [1m[36m (0.5ms)[0m  [1mSELECT "schema_migrations"."version" FROM "schema_migrations" [0m
Connecting to database specified by database.yml
  [1m[36m (1.8ms)[0m  [1mSELECT "schema_migrations"."version" FROM "schema_migrations" [0m
  [1m[35m (0.3ms)[0m  select sqlite_version(*)
  [1m[36m (428.2ms)[0m  [1mCREATE TABLE "applications" ("id" INTEGER PRIMARY KEY AUTOINCREMENT NOT NULL, "user_id" integer, "vacancy_id" integer, "created_at" datetime NOT NULL, "updated_at" datetime NOT NULL, "user_profile_id" integer) [0m
  [1m[35m (189.5ms)[0m  CREATE INDEX "index_applications_on_user_profile_id" ON "applications" ("user_profile_id")
  [1m[36m (213.5ms)[0m  [1mCREATE TABLE "categories" ("id" INTEGER PRIMARY KEY AUTOINCREMENT NOT NULL, "name" varchar(255), "created_at" datetime NOT NULL, "updated_at" datetime NOT NULL) [0m
  [1m[35m (203.1ms)[0m  CREATE TABLE "company_profiles" ("id" INTEGER PRIMARY KEY AUTOINCREMENT NOT NULL, "name" varchar(255), "company_type" varchar(255), "description" text, "street" varchar(255), "city" varchar(255), "country" varchar(255), "zip" integer, "website" varchar(255), "contact" text, "logo_file_name" varchar(255), "logo_content_type" varchar(255), "logo_file_size" integer, "logo_updated_at" datetime, "created_at" datetime NOT NULL, "updated_at" datetime NOT NULL) 
  [1m[36m (203.6ms)[0m  [1mCREATE TABLE "experiences" ("id" INTEGER PRIMARY KEY AUTOINCREMENT NOT NULL, "employer" varchar(255), "full_address" varchar(255), "business_field" varchar(255), "position" varchar(255), "responsibilities" text, "start_date" date, "end_date" date, "created_at" datetime NOT NULL, "updated_at" datetime NOT NULL) [0m
  [1m[35m (161.9ms)[0m  CREATE TABLE "language_skills" ("id" INTEGER PRIMARY KEY AUTOINCREMENT NOT NULL, "name" varchar(255), "level" integer, "type" varchar(255), "created_at" datetime NOT NULL, "updated_at" datetime NOT NULL, "user_profile_id" integer) 
  [1m[36m (156.5ms)[0m  [1mCREATE INDEX "index_language_skills_on_user_profile_id" ON "language_skills" ("user_profile_id")[0m
  [1m[35m (179.4ms)[0m  CREATE TABLE "qualifications" ("id" INTEGER PRIMARY KEY AUTOINCREMENT NOT NULL, "institute_name" varchar(255), "degree_type" varchar(255), "start" date, "end" date, "address" varchar(255), "website" varchar(255), "created_at" datetime NOT NULL, "updated_at" datetime NOT NULL, "user_profile_id" integer) 
  [1m[36m (206.3ms)[0m  [1mCREATE INDEX "index_qualifications_on_user_profile_id" ON "qualifications" ("user_profile_id")[0m
  [1m[35m (212.8ms)[0m  CREATE TABLE "references" ("id" INTEGER PRIMARY KEY AUTOINCREMENT NOT NULL, "referee_name" varchar(255), "phone" varchar(255), "email" varchar(255), "referee_info" text, "created_at" datetime NOT NULL, "updated_at" datetime NOT NULL, "user_profile_id" integer) 
  [1m[36m (188.4ms)[0m  [1mCREATE INDEX "index_references_on_user_profile_id" ON "references" ("user_profile_id")[0m
  [1m[35m (105.2ms)[0m  CREATE TABLE "tag_matches" ("id" INTEGER PRIMARY KEY AUTOINCREMENT NOT NULL, "tag_id" integer, "vacancy_id" integer, "created_at" datetime NOT NULL, "updated_at" datetime NOT NULL) 
  [1m[36m (148.0ms)[0m  [1mCREATE INDEX "index_tag_matches_on_tag_id" ON "tag_matches" ("tag_id")[0m
  [1m[35m (172.6ms)[0m  CREATE INDEX "index_tag_matches_on_vacancy_id" ON "tag_matches" ("vacancy_id")
  [1m[36m (196.5ms)[0m  [1mCREATE TABLE "tags" ("id" INTEGER PRIMARY KEY AUTOINCREMENT NOT NULL, "name" varchar(255), "created_at" datetime NOT NULL, "updated_at" datetime NOT NULL) [0m
  [1m[35m (148.0ms)[0m  CREATE INDEX "index_tags_on_name" ON "tags" ("name")
  [1m[36m (227.4ms)[0m  [1mCREATE TABLE "user_profiles" ("id" INTEGER PRIMARY KEY AUTOINCREMENT NOT NULL, "firstname" varchar(255), "lastname" varchar(255), "birth_date" date, "gender" varchar(255), "full_address" varchar(255), "street" varchar(255), "city" varchar(255), "country" varchar(255), "zip" integer, "self_info" text, "hobbies" text, "avatar_file_name" varchar(255), "avatar_content_type" varchar(255), "avatar_file_size" integer, "avatar_updated_at" datetime, "created_at" datetime NOT NULL, "updated_at" datetime NOT NULL) [0m
  [1m[35m (137.5ms)[0m  CREATE TABLE "users" ("id" INTEGER PRIMARY KEY AUTOINCREMENT NOT NULL, "email" varchar(255), "password_digest" varchar(255), "rememeber_cookie" varchar(255), "created_at" datetime NOT NULL, "updated_at" datetime NOT NULL, "type" varchar(255), "profile_id" integer, "profile_type" varchar(255)) 
  [1m[36m (136.5ms)[0m  [1mCREATE TABLE "vacancies" ("id" INTEGER PRIMARY KEY AUTOINCREMENT NOT NULL, "title" varchar(255), "description" text, "deadline" datetime, "job_type" varchar(255), "job_address" varchar(255), "street" varchar(255), "city" varchar(255), "country" varchar(255), "zip" integer, "latitude" float, "longitude" float, "created_at" datetime NOT NULL, "updated_at" datetime NOT NULL, "min_salary" integer, "max_salary" integer, "job_duration" varchar(255)) [0m
  [1m[35m (173.0ms)[0m  CREATE INDEX "index_vacancies_on_job_duration" ON "vacancies" ("job_duration")
  [1m[36m (180.9ms)[0m  [1mCREATE INDEX "index_vacancies_on_job_type" ON "vacancies" ("job_type")[0m
  [1m[35m (148.0ms)[0m  CREATE TABLE "schema_migrations" ("version" varchar(255) NOT NULL) 
  [1m[36m (256.8ms)[0m  [1mCREATE UNIQUE INDEX "unique_schema_migrations" ON "schema_migrations" ("version")[0m
  [1m[35m (0.3ms)[0m  SELECT version FROM "schema_migrations"
  [1m[36m (105.0ms)[0m  [1mINSERT INTO "schema_migrations" (version) VALUES ('20130412114713')[0m
  [1m[35m (90.8ms)[0m  INSERT INTO "schema_migrations" (version) VALUES ('20130328235257')
  [1m[36m (91.0ms)[0m  [1mINSERT INTO "schema_migrations" (version) VALUES ('20130329032311')[0m
  [1m[35m (90.8ms)[0m  INSERT INTO "schema_migrations" (version) VALUES ('20130328191045')
  [1m[36m (149.2ms)[0m  [1mINSERT INTO "schema_migrations" (version) VALUES ('20130405095331')[0m
  [1m[35m (149.1ms)[0m  INSERT INTO "schema_migrations" (version) VALUES ('20130328191138')
  [1m[36m (215.7ms)[0m  [1mINSERT INTO "schema_migrations" (version) VALUES ('20130406151055')[0m
  [1m[35m (149.1ms)[0m  INSERT INTO "schema_migrations" (version) VALUES ('20130329034159')
  [1m[36m (90.9ms)[0m  [1mINSERT INTO "schema_migrations" (version) VALUES ('20130405214808')[0m
  [1m[35m (90.9ms)[0m  INSERT INTO "schema_migrations" (version) VALUES ('20130329031611')
  [1m[36m (91.0ms)[0m  [1mINSERT INTO "schema_migrations" (version) VALUES ('20130328191102')[0m
  [1m[35m (149.1ms)[0m  INSERT INTO "schema_migrations" (version) VALUES ('20130328235914')
  [1m[36m (149.1ms)[0m  [1mINSERT INTO "schema_migrations" (version) VALUES ('20130328191328')[0m
  [1m[35m (207.4ms)[0m  INSERT INTO "schema_migrations" (version) VALUES ('20130328191234')
  [1m[36m (149.0ms)[0m  [1mINSERT INTO "schema_migrations" (version) VALUES ('20130329001037')[0m
  [1m[35m (149.1ms)[0m  INSERT INTO "schema_migrations" (version) VALUES ('20130328191120')
  [1m[36m (140.9ms)[0m  [1mINSERT INTO "schema_migrations" (version) VALUES ('20130328191251')[0m
  [1m[35m (140.8ms)[0m  INSERT INTO "schema_migrations" (version) VALUES ('20130328234601')
  [1m[36m (140.7ms)[0m  [1mINSERT INTO "schema_migrations" (version) VALUES ('20130328191016')[0m
  [1m[35m (140.8ms)[0m  INSERT INTO "schema_migrations" (version) VALUES ('20130328191155')
  [1m[36m (273.8ms)[0m  [1mINSERT INTO "schema_migrations" (version) VALUES ('20130412105318')[0m
Connecting to database specified by database.yml
  [1m[36m (1.9ms)[0m  [1mSELECT "schema_migrations"."version" FROM "schema_migrations" [0m
  [1m[35m (0.3ms)[0m  select sqlite_version(*)
  [1m[36m (85.2ms)[0m  [1mCREATE TABLE "applications" ("id" INTEGER PRIMARY KEY AUTOINCREMENT NOT NULL, "user_id" integer, "vacancy_id" integer, "created_at" datetime NOT NULL, "updated_at" datetime NOT NULL, "user_profile_id" integer) [0m
  [1m[35m (82.4ms)[0m  CREATE INDEX "index_applications_on_user_profile_id" ON "applications" ("user_profile_id")
  [1m[36m (148.4ms)[0m  [1mCREATE TABLE "categories" ("id" INTEGER PRIMARY KEY AUTOINCREMENT NOT NULL, "name" varchar(255), "created_at" datetime NOT NULL, "updated_at" datetime NOT NULL) [0m
  [1m[35m (178.0ms)[0m  CREATE TABLE "company_profiles" ("id" INTEGER PRIMARY KEY AUTOINCREMENT NOT NULL, "name" varchar(255), "company_type" varchar(255), "description" text, "street" varchar(255), "city" varchar(255), "country" varchar(255), "zip" integer, "website" varchar(255), "contact" text, "logo_file_name" varchar(255), "logo_content_type" varchar(255), "logo_file_size" integer, "logo_updated_at" datetime, "created_at" datetime NOT NULL, "updated_at" datetime NOT NULL) 
  [1m[36m (187.2ms)[0m  [1mCREATE TABLE "experiences" ("id" INTEGER PRIMARY KEY AUTOINCREMENT NOT NULL, "employer" varchar(255), "full_address" varchar(255), "business_field" varchar(255), "position" varchar(255), "responsibilities" text, "start_date" date, "end_date" date, "created_at" datetime NOT NULL, "updated_at" datetime NOT NULL) [0m
  [1m[35m (171.2ms)[0m  CREATE TABLE "language_skills" ("id" INTEGER PRIMARY KEY AUTOINCREMENT NOT NULL, "name" varchar(255), "level" integer, "type" varchar(255), "created_at" datetime NOT NULL, "updated_at" datetime NOT NULL, "user_profile_id" integer) 
  [1m[36m (164.7ms)[0m  [1mCREATE INDEX "index_language_skills_on_user_profile_id" ON "language_skills" ("user_profile_id")[0m
  [1m[35m (154.0ms)[0m  CREATE TABLE "qualifications" ("id" INTEGER PRIMARY KEY AUTOINCREMENT NOT NULL, "institute_name" varchar(255), "degree_type" varchar(255), "start" date, "end" date, "address" varchar(255), "website" varchar(255), "created_at" datetime NOT NULL, "updated_at" datetime NOT NULL, "user_profile_id" integer) 
  [1m[36m (156.5ms)[0m  [1mCREATE INDEX "index_qualifications_on_user_profile_id" ON "qualifications" ("user_profile_id")[0m
  [1m[35m (179.2ms)[0m  CREATE TABLE "references" ("id" INTEGER PRIMARY KEY AUTOINCREMENT NOT NULL, "referee_name" varchar(255), "phone" varchar(255), "email" varchar(255), "referee_info" text, "created_at" datetime NOT NULL, "updated_at" datetime NOT NULL, "user_profile_id" integer) 
  [1m[36m (181.5ms)[0m  [1mCREATE INDEX "index_references_on_user_profile_id" ON "references" ("user_profile_id")[0m
  [1m[35m (213.0ms)[0m  CREATE TABLE "tag_matches" ("id" INTEGER PRIMARY KEY AUTOINCREMENT NOT NULL, "tag_id" integer, "vacancy_id" integer, "created_at" datetime NOT NULL, "updated_at" datetime NOT NULL) 
  [1m[36m (181.4ms)[0m  [1mCREATE INDEX "index_tag_matches_on_tag_id" ON "tag_matches" ("tag_id")[0m
  [1m[35m (156.2ms)[0m  CREATE INDEX "index_tag_matches_on_vacancy_id" ON "tag_matches" ("vacancy_id")
  [1m[36m (163.3ms)[0m  [1mCREATE TABLE "tags" ("id" INTEGER PRIMARY KEY AUTOINCREMENT NOT NULL, "name" varchar(255), "created_at" datetime NOT NULL, "updated_at" datetime NOT NULL) [0m
  [1m[35m (189.5ms)[0m  CREATE INDEX "index_tags_on_name" ON "tags" ("name")
  [1m[36m (227.7ms)[0m  [1mCREATE TABLE "user_profiles" ("id" INTEGER PRIMARY KEY AUTOINCREMENT NOT NULL, "firstname" varchar(255), "lastname" varchar(255), "birth_date" date, "gender" varchar(255), "full_address" varchar(255), "street" varchar(255), "city" varchar(255), "country" varchar(255), "zip" integer, "self_info" text, "hobbies" text, "avatar_file_name" varchar(255), "avatar_content_type" varchar(255), "avatar_file_size" integer, "avatar_updated_at" datetime, "created_at" datetime NOT NULL, "updated_at" datetime NOT NULL) [0m
  [1m[35m (179.3ms)[0m  CREATE TABLE "users" ("id" INTEGER PRIMARY KEY AUTOINCREMENT NOT NULL, "email" varchar(255), "password_digest" varchar(255), "rememeber_cookie" varchar(255), "created_at" datetime NOT NULL, "updated_at" datetime NOT NULL, "type" varchar(255), "profile_id" integer, "profile_type" varchar(255)) 
  [1m[36m (136.1ms)[0m  [1mCREATE TABLE "vacancies" ("id" INTEGER PRIMARY KEY AUTOINCREMENT NOT NULL, "title" varchar(255), "description" text, "deadline" datetime, "job_type" varchar(255), "job_address" varchar(255), "street" varchar(255), "city" varchar(255), "country" varchar(255), "zip" integer, "latitude" float, "longitude" float, "created_at" datetime NOT NULL, "updated_at" datetime NOT NULL, "min_salary" integer, "max_salary" integer, "job_duration" varchar(255)) [0m
  [1m[35m (148.1ms)[0m  CREATE INDEX "index_vacancies_on_job_duration" ON "vacancies" ("job_duration")
  [1m[36m (148.0ms)[0m  [1mCREATE INDEX "index_vacancies_on_job_type" ON "vacancies" ("job_type")[0m
  [1m[35m (147.7ms)[0m  CREATE TABLE "schema_migrations" ("version" varchar(255) NOT NULL) 
  [1m[36m (198.5ms)[0m  [1mCREATE UNIQUE INDEX "unique_schema_migrations" ON "schema_migrations" ("version")[0m
  [1m[35m (0.2ms)[0m  SELECT version FROM "schema_migrations"
  [1m[36m (121.9ms)[0m  [1mINSERT INTO "schema_migrations" (version) VALUES ('20130412114713')[0m
  [1m[35m (140.8ms)[0m  INSERT INTO "schema_migrations" (version) VALUES ('20130328235257')
  [1m[36m (115.8ms)[0m  [1mINSERT INTO "schema_migrations" (version) VALUES ('20130329032311')[0m
  [1m[35m (115.8ms)[0m  INSERT INTO "schema_migrations" (version) VALUES ('20130328191045')
  [1m[36m (115.8ms)[0m  [1mINSERT INTO "schema_migrations" (version) VALUES ('20130405095331')[0m
  [1m[35m (115.8ms)[0m  INSERT INTO "schema_migrations" (version) VALUES ('20130328191138')
  [1m[36m (157.4ms)[0m  [1mINSERT INTO "schema_migrations" (version) VALUES ('20130406151055')[0m
  [1m[35m (124.1ms)[0m  INSERT INTO "schema_migrations" (version) VALUES ('20130329034159')
  [1m[36m (140.9ms)[0m  [1mINSERT INTO "schema_migrations" (version) VALUES ('20130405214808')[0m
  [1m[35m (115.8ms)[0m  INSERT INTO "schema_migrations" (version) VALUES ('20130329031611')
  [1m[36m (115.9ms)[0m  [1mINSERT INTO "schema_migrations" (version) VALUES ('20130328191102')[0m
  [1m[35m (115.7ms)[0m  INSERT INTO "schema_migrations" (version) VALUES ('20130328235914')
  [1m[36m (116.0ms)[0m  [1mINSERT INTO "schema_migrations" (version) VALUES ('20130328191328')[0m
  [1m[35m (115.8ms)[0m  INSERT INTO "schema_migrations" (version) VALUES ('20130328191234')
  [1m[36m (215.7ms)[0m  [1mINSERT INTO "schema_migrations" (version) VALUES ('20130329001037')[0m
  [1m[35m (140.8ms)[0m  INSERT INTO "schema_migrations" (version) VALUES ('20130328191120')
  [1m[36m (116.0ms)[0m  [1mINSERT INTO "schema_migrations" (version) VALUES ('20130328191251')[0m
  [1m[35m (115.7ms)[0m  INSERT INTO "schema_migrations" (version) VALUES ('20130328234601')
  [1m[36m (115.9ms)[0m  [1mINSERT INTO "schema_migrations" (version) VALUES ('20130328191016')[0m
  [1m[35m (115.8ms)[0m  INSERT INTO "schema_migrations" (version) VALUES ('20130328191155')
  [1m[36m (115.9ms)[0m  [1mINSERT INTO "schema_migrations" (version) VALUES ('20130412105318')[0m
Connecting to database specified by database.yml
  [1m[36m (1.8ms)[0m  [1mSELECT "schema_migrations"."version" FROM "schema_migrations" [0m
  [1m[35m (0.2ms)[0m  select sqlite_version(*)
  [1m[36m (46.9ms)[0m  [1mCREATE TABLE "applications" ("id" INTEGER PRIMARY KEY AUTOINCREMENT NOT NULL, "user_id" integer, "vacancy_id" integer, "created_at" datetime NOT NULL, "updated_at" datetime NOT NULL, "user_profile_id" integer) [0m
  [1m[35m (99.0ms)[0m  CREATE INDEX "index_applications_on_user_profile_id" ON "applications" ("user_profile_id")
  [1m[36m (146.7ms)[0m  [1mCREATE TABLE "categories" ("id" INTEGER PRIMARY KEY AUTOINCREMENT NOT NULL, "name" varchar(255), "created_at" datetime NOT NULL, "updated_at" datetime NOT NULL) [0m
  [1m[35m (111.5ms)[0m  CREATE TABLE "company_profiles" ("id" INTEGER PRIMARY KEY AUTOINCREMENT NOT NULL, "name" varchar(255), "company_type" varchar(255), "description" text, "street" varchar(255), "city" varchar(255), "country" varchar(255), "zip" integer, "website" varchar(255), "contact" text, "logo_file_name" varchar(255), "logo_content_type" varchar(255), "logo_file_size" integer, "logo_updated_at" datetime, "created_at" datetime NOT NULL, "updated_at" datetime NOT NULL) 
  [1m[36m (120.8ms)[0m  [1mCREATE TABLE "experiences" ("id" INTEGER PRIMARY KEY AUTOINCREMENT NOT NULL, "employer" varchar(255), "full_address" varchar(255), "business_field" varchar(255), "position" varchar(255), "responsibilities" text, "start_date" date, "end_date" date, "created_at" datetime NOT NULL, "updated_at" datetime NOT NULL) [0m
  [1m[35m (162.9ms)[0m  CREATE TABLE "language_skills" ("id" INTEGER PRIMARY KEY AUTOINCREMENT NOT NULL, "name" varchar(255), "level" integer, "type" varchar(255), "created_at" datetime NOT NULL, "updated_at" datetime NOT NULL, "user_profile_id" integer) 
  [1m[36m (106.6ms)[0m  [1mCREATE INDEX "index_language_skills_on_user_profile_id" ON "language_skills" ("user_profile_id")[0m
  [1m[35m (154.1ms)[0m  CREATE TABLE "qualifications" ("id" INTEGER PRIMARY KEY AUTOINCREMENT NOT NULL, "institute_name" varchar(255), "degree_type" varchar(255), "start" date, "end" date, "address" varchar(255), "website" varchar(255), "created_at" datetime NOT NULL, "updated_at" datetime NOT NULL, "user_profile_id" integer) 
  [1m[36m (131.4ms)[0m  [1mCREATE INDEX "index_qualifications_on_user_profile_id" ON "qualifications" ("user_profile_id")[0m
  [1m[35m (204.5ms)[0m  CREATE TABLE "references" ("id" INTEGER PRIMARY KEY AUTOINCREMENT NOT NULL, "referee_name" varchar(255), "phone" varchar(255), "email" varchar(255), "referee_info" text, "created_at" datetime NOT NULL, "updated_at" datetime NOT NULL, "user_profile_id" integer) 
  [1m[36m (189.5ms)[0m  [1mCREATE INDEX "index_references_on_user_profile_id" ON "references" ("user_profile_id")[0m
  [1m[35m (163.4ms)[0m  CREATE TABLE "tag_matches" ("id" INTEGER PRIMARY KEY AUTOINCREMENT NOT NULL, "tag_id" integer, "vacancy_id" integer, "created_at" datetime NOT NULL, "updated_at" datetime NOT NULL) 
  [1m[36m (156.4ms)[0m  [1mCREATE INDEX "index_tag_matches_on_tag_id" ON "tag_matches" ("tag_id")[0m
  [1m[35m (206.0ms)[0m  CREATE INDEX "index_tag_matches_on_vacancy_id" ON "tag_matches" ("vacancy_id")
  [1m[36m (204.5ms)[0m  [1mCREATE TABLE "tags" ("id" INTEGER PRIMARY KEY AUTOINCREMENT NOT NULL, "name" varchar(255), "created_at" datetime NOT NULL, "updated_at" datetime NOT NULL) [0m
  [1m[35m (123.6ms)[0m  CREATE INDEX "index_tags_on_name" ON "tags" ("name")
  [1m[36m (195.3ms)[0m  [1mCREATE TABLE "user_profiles" ("id" INTEGER PRIMARY KEY AUTOINCREMENT NOT NULL, "firstname" varchar(255), "lastname" varchar(255), "birth_date" date, "gender" varchar(255), "full_address" varchar(255), "street" varchar(255), "city" varchar(255), "country" varchar(255), "zip" integer, "self_info" text, "hobbies" text, "avatar_file_name" varchar(255), "avatar_content_type" varchar(255), "avatar_file_size" integer, "avatar_updated_at" datetime, "created_at" datetime NOT NULL, "updated_at" datetime NOT NULL) [0m
  [1m[35m (186.6ms)[0m  CREATE TABLE "users" ("id" INTEGER PRIMARY KEY AUTOINCREMENT NOT NULL, "email" varchar(255), "password_digest" varchar(255), "rememeber_cookie" varchar(255), "created_at" datetime NOT NULL, "updated_at" datetime NOT NULL, "type" varchar(255), "profile_id" integer, "profile_type" varchar(255)) 
  [1m[36m (119.4ms)[0m  [1mCREATE TABLE "vacancies" ("id" INTEGER PRIMARY KEY AUTOINCREMENT NOT NULL, "title" varchar(255), "description" text, "deadline" datetime, "job_type" varchar(255), "job_address" varchar(255), "street" varchar(255), "city" varchar(255), "country" varchar(255), "zip" integer, "latitude" float, "longitude" float, "created_at" datetime NOT NULL, "updated_at" datetime NOT NULL, "min_salary" integer, "max_salary" integer, "job_duration" varchar(255)) [0m
  [1m[35m (156.3ms)[0m  CREATE INDEX "index_vacancies_on_job_duration" ON "vacancies" ("job_duration")
  [1m[36m (148.0ms)[0m  [1mCREATE INDEX "index_vacancies_on_job_type" ON "vacancies" ("job_type")[0m
  [1m[35m (181.2ms)[0m  CREATE TABLE "schema_migrations" ("version" varchar(255) NOT NULL) 
  [1m[36m (215.2ms)[0m  [1mCREATE UNIQUE INDEX "unique_schema_migrations" ON "schema_migrations" ("version")[0m
  [1m[35m (0.2ms)[0m  SELECT version FROM "schema_migrations"
  [1m[36m (180.0ms)[0m  [1mINSERT INTO "schema_migrations" (version) VALUES ('20130412114713')[0m
  [1m[35m (149.0ms)[0m  INSERT INTO "schema_migrations" (version) VALUES ('20130328235257')
  [1m[36m (140.8ms)[0m  [1mINSERT INTO "schema_migrations" (version) VALUES ('20130329032311')[0m
  [1m[35m (149.2ms)[0m  INSERT INTO "schema_migrations" (version) VALUES ('20130328191045')
  [1m[36m (182.3ms)[0m  [1mINSERT INTO "schema_migrations" (version) VALUES ('20130405095331')[0m
  [1m[35m (115.9ms)[0m  INSERT INTO "schema_migrations" (version) VALUES ('20130328191138')
  [1m[36m (157.4ms)[0m  [1mINSERT INTO "schema_migrations" (version) VALUES ('20130406151055')[0m
  [1m[35m (165.6ms)[0m  INSERT INTO "schema_migrations" (version) VALUES ('20130329034159')
  [1m[36m (173.9ms)[0m  [1mINSERT INTO "schema_migrations" (version) VALUES ('20130405214808')[0m
  [1m[35m (141.0ms)[0m  INSERT INTO "schema_migrations" (version) VALUES ('20130329031611')
  [1m[36m (173.9ms)[0m  [1mINSERT INTO "schema_migrations" (version) VALUES ('20130328191102')[0m
  [1m[35m (215.6ms)[0m  INSERT INTO "schema_migrations" (version) VALUES ('20130328235914')
  [1m[36m (157.3ms)[0m  [1mINSERT INTO "schema_migrations" (version) VALUES ('20130328191328')[0m
  [1m[35m (140.9ms)[0m  INSERT INTO "schema_migrations" (version) VALUES ('20130328191234')
  [1m[36m (157.2ms)[0m  [1mINSERT INTO "schema_migrations" (version) VALUES ('20130329001037')[0m
  [1m[35m (190.7ms)[0m  INSERT INTO "schema_migrations" (version) VALUES ('20130328191120')
  [1m[36m (232.3ms)[0m  [1mINSERT INTO "schema_migrations" (version) VALUES ('20130328191251')[0m
  [1m[35m (157.3ms)[0m  INSERT INTO "schema_migrations" (version) VALUES ('20130328234601')
  [1m[36m (190.6ms)[0m  [1mINSERT INTO "schema_migrations" (version) VALUES ('20130328191016')[0m
  [1m[35m (149.3ms)[0m  INSERT INTO "schema_migrations" (version) VALUES ('20130328191155')
  [1m[36m (190.4ms)[0m  [1mINSERT INTO "schema_migrations" (version) VALUES ('20130412105318')[0m
Connecting to database specified by database.yml
  [1m[36m (1.7ms)[0m  [1mSELECT "schema_migrations"."version" FROM "schema_migrations" [0m
  [1m[35m (0.3ms)[0m  select sqlite_version(*)
  [1m[36m (90.5ms)[0m  [1mCREATE TABLE "applications" ("id" INTEGER PRIMARY KEY AUTOINCREMENT NOT NULL, "user_id" integer, "vacancy_id" integer, "created_at" datetime NOT NULL, "updated_at" datetime NOT NULL, "user_profile_id" integer) [0m
  [1m[35m (156.7ms)[0m  CREATE INDEX "index_applications_on_user_profile_id" ON "applications" ("user_profile_id")
  [1m[36m (129.4ms)[0m  [1mCREATE TABLE "categories" ("id" INTEGER PRIMARY KEY AUTOINCREMENT NOT NULL, "name" varchar(255), "created_at" datetime NOT NULL, "updated_at" datetime NOT NULL) [0m
  [1m[35m (111.3ms)[0m  CREATE TABLE "company_profiles" ("id" INTEGER PRIMARY KEY AUTOINCREMENT NOT NULL, "name" varchar(255), "company_type" varchar(255), "description" text, "street" varchar(255), "city" varchar(255), "country" varchar(255), "zip" integer, "website" varchar(255), "contact" text, "logo_file_name" varchar(255), "logo_content_type" varchar(255), "logo_file_size" integer, "logo_updated_at" datetime, "created_at" datetime NOT NULL, "updated_at" datetime NOT NULL) 
  [1m[36m (129.3ms)[0m  [1mCREATE TABLE "experiences" ("id" INTEGER PRIMARY KEY AUTOINCREMENT NOT NULL, "employer" varchar(255), "full_address" varchar(255), "business_field" varchar(255), "position" varchar(255), "responsibilities" text, "start_date" date, "end_date" date, "created_at" datetime NOT NULL, "updated_at" datetime NOT NULL) [0m
  [1m[35m (104.2ms)[0m  CREATE TABLE "language_skills" ("id" INTEGER PRIMARY KEY AUTOINCREMENT NOT NULL, "name" varchar(255), "level" integer, "type" varchar(255), "created_at" datetime NOT NULL, "updated_at" datetime NOT NULL, "user_profile_id" integer) 
  [1m[36m (131.5ms)[0m  [1mCREATE INDEX "index_language_skills_on_user_profile_id" ON "language_skills" ("user_profile_id")[0m
  [1m[35m (128.9ms)[0m  CREATE TABLE "qualifications" ("id" INTEGER PRIMARY KEY AUTOINCREMENT NOT NULL, "institute_name" varchar(255), "degree_type" varchar(255), "start" date, "end" date, "address" varchar(255), "website" varchar(255), "created_at" datetime NOT NULL, "updated_at" datetime NOT NULL, "user_profile_id" integer) 
  [1m[36m (73.5ms)[0m  [1mCREATE INDEX "index_qualifications_on_user_profile_id" ON "qualifications" ("user_profile_id")[0m
  [1m[35m (104.7ms)[0m  CREATE TABLE "references" ("id" INTEGER PRIMARY KEY AUTOINCREMENT NOT NULL, "referee_name" varchar(255), "phone" varchar(255), "email" varchar(255), "referee_info" text, "created_at" datetime NOT NULL, "updated_at" datetime NOT NULL, "user_profile_id" integer) 
  [1m[36m (205.3ms)[0m  [1mCREATE INDEX "index_references_on_user_profile_id" ON "references" ("user_profile_id")[0m
  [1m[35m (197.1ms)[0m  CREATE TABLE "tag_matches" ("id" INTEGER PRIMARY KEY AUTOINCREMENT NOT NULL, "tag_id" integer, "vacancy_id" integer, "created_at" datetime NOT NULL, "updated_at" datetime NOT NULL) 
  [1m[36m (164.8ms)[0m  [1mCREATE INDEX "index_tag_matches_on_tag_id" ON "tag_matches" ("tag_id")[0m
  [1m[35m (131.0ms)[0m  CREATE INDEX "index_tag_matches_on_vacancy_id" ON "tag_matches" ("vacancy_id")
  [1m[36m (105.2ms)[0m  [1mCREATE TABLE "tags" ("id" INTEGER PRIMARY KEY AUTOINCREMENT NOT NULL, "name" varchar(255), "created_at" datetime NOT NULL, "updated_at" datetime NOT NULL) [0m
  [1m[35m (206.4ms)[0m  CREATE INDEX "index_tags_on_name" ON "tags" ("name")
  [1m[36m (219.8ms)[0m  [1mCREATE TABLE "user_profiles" ("id" INTEGER PRIMARY KEY AUTOINCREMENT NOT NULL, "firstname" varchar(255), "lastname" varchar(255), "birth_date" date, "gender" varchar(255), "full_address" varchar(255), "street" varchar(255), "city" varchar(255), "country" varchar(255), "zip" integer, "self_info" text, "hobbies" text, "avatar_file_name" varchar(255), "avatar_content_type" varchar(255), "avatar_file_size" integer, "avatar_updated_at" datetime, "created_at" datetime NOT NULL, "updated_at" datetime NOT NULL) [0m
  [1m[35m (196.0ms)[0m  CREATE TABLE "users" ("id" INTEGER PRIMARY KEY AUTOINCREMENT NOT NULL, "email" varchar(255), "password_digest" varchar(255), "rememeber_cookie" varchar(255), "created_at" datetime NOT NULL, "updated_at" datetime NOT NULL, "type" varchar(255), "profile_id" integer, "profile_type" varchar(255)) 
  [1m[36m (176.6ms)[0m  [1mCREATE TABLE "vacancies" ("id" INTEGER PRIMARY KEY AUTOINCREMENT NOT NULL, "title" varchar(255), "description" text, "deadline" datetime, "job_type" varchar(255), "job_address" varchar(255), "street" varchar(255), "city" varchar(255), "country" varchar(255), "zip" integer, "latitude" float, "longitude" float, "created_at" datetime NOT NULL, "updated_at" datetime NOT NULL, "min_salary" integer, "max_salary" integer, "job_duration" varchar(255)) [0m
  [1m[35m (139.9ms)[0m  CREATE INDEX "index_vacancies_on_job_duration" ON "vacancies" ("job_duration")
  [1m[36m (189.9ms)[0m  [1mCREATE INDEX "index_vacancies_on_job_type" ON "vacancies" ("job_type")[0m
  [1m[35m (214.7ms)[0m  CREATE TABLE "schema_migrations" ("version" varchar(255) NOT NULL) 
  [1m[36m (207.2ms)[0m  [1mCREATE UNIQUE INDEX "unique_schema_migrations" ON "schema_migrations" ("version")[0m
  [1m[35m (0.2ms)[0m  SELECT version FROM "schema_migrations"
  [1m[36m (254.9ms)[0m  [1mINSERT INTO "schema_migrations" (version) VALUES ('20130412114713')[0m
  [1m[35m (165.9ms)[0m  INSERT INTO "schema_migrations" (version) VALUES ('20130328235257')
  [1m[36m (146.9ms)[0m  [1mINSERT INTO "schema_migrations" (version) VALUES ('20130329032311')[0m
  [1m[35m (41.6ms)[0m  INSERT INTO "schema_migrations" (version) VALUES ('20130328191045')
  [1m[36m (66.0ms)[0m  [1mINSERT INTO "schema_migrations" (version) VALUES ('20130405095331')[0m
  [1m[35m (91.0ms)[0m  INSERT INTO "schema_migrations" (version) VALUES ('20130328191138')
  [1m[36m (165.1ms)[0m  [1mINSERT INTO "schema_migrations" (version) VALUES ('20130406151055')[0m
  [1m[35m (41.6ms)[0m  INSERT INTO "schema_migrations" (version) VALUES ('20130329034159')
  [1m[36m (74.4ms)[0m  [1mINSERT INTO "schema_migrations" (version) VALUES ('20130405214808')[0m
  [1m[35m (82.1ms)[0m  INSERT INTO "schema_migrations" (version) VALUES ('20130329031611')
  [1m[36m (66.1ms)[0m  [1mINSERT INTO "schema_migrations" (version) VALUES ('20130328191102')[0m
  [1m[35m (91.0ms)[0m  INSERT INTO "schema_migrations" (version) VALUES ('20130328235914')
  [1m[36m (91.0ms)[0m  [1mINSERT INTO "schema_migrations" (version) VALUES ('20130328191328')[0m
  [1m[35m (165.9ms)[0m  INSERT INTO "schema_migrations" (version) VALUES ('20130328191234')
  [1m[36m (123.3ms)[0m  [1mINSERT INTO "schema_migrations" (version) VALUES ('20130329001037')[0m
  [1m[35m (41.5ms)[0m  INSERT INTO "schema_migrations" (version) VALUES ('20130328191120')
  [1m[36m (41.3ms)[0m  [1mINSERT INTO "schema_migrations" (version) VALUES ('20130328191251')[0m
  [1m[35m (66.0ms)[0m  INSERT INTO "schema_migrations" (version) VALUES ('20130328234601')
  [1m[36m (66.1ms)[0m  [1mINSERT INTO "schema_migrations" (version) VALUES ('20130328191016')[0m
  [1m[35m (90.9ms)[0m  INSERT INTO "schema_migrations" (version) VALUES ('20130328191155')
  [1m[36m (132.7ms)[0m  [1mINSERT INTO "schema_migrations" (version) VALUES ('20130412105318')[0m
